<?xml version="1.0" encoding="UTF-8"?>
<!-- Generated by org.testng.reporters.JUnitXMLReporter -->
<testsuite hostname="Monty-PC" ignored="0" name="Test" tests="4" failures="0" timestamp="08 Aug 2018 10:21:40 GMT" time="161.606" errors="0">
  <testcase name="unameTest" time="39.375" classname="com.flipkart.bigbillionday.SSS"/>
  <testcase name="unameTest" time="39.932" classname="com.flipkart.bigbillionday.SSS"/>
  <testcase name="unameTest" time="41.715" classname="com.flipkart.bigbillionday.SSS"/>
  <testcase name="unameTest" time="39.836" classname="com.flipkart.bigbillionday.SSS"/>
</testsuite> <!-- Test -->
